<?xml version="1.0" encoding="UTF-8"?>
<robot generator="Robot 4.1 (Python 3.7.16 on darwin)" generated="20230227 14:46:33.771" rpa="false" schemaversion="2">
<suite id="s1" name="Front Office" source="/Volumes/M/robot-scripts/session11/tests/Front_Office.robot">
<test id="s1-t1" name="Home Page Should Load">
<kw name="Open Web Browser" library="CommonWeb" type="SETUP">
<kw name="Open Browser" library="SeleniumLibrary">
<arg>${BROWSER_NEW_TAB}</arg>
<arg>${BROWSER}</arg>
<doc>Opens a new browser instance to the optional ``url``.</doc>
<msg timestamp="20230227 14:46:34.071" level="INFO">Opening browser 'safari' to base url 'about:blank'.</msg>
<status status="PASS" starttime="20230227 14:46:34.070" endtime="20230227 14:46:35.854"/>
</kw>
<status status="PASS" starttime="20230227 14:46:34.069" endtime="20230227 14:46:35.859"/>
</kw>
<kw name="Verify Home Page Loaded" library="FrontOfficeApp">
<kw name="Navigate To" library="LandingPage">
<kw name="Go To" library="SeleniumLibrary">
<arg>${URL}</arg>
<doc>Navigates the current browser window to the provided ``url``.</doc>
<msg timestamp="20230227 14:46:35.866" level="INFO">Opening url 'http://automationplayground.com/front-office'</msg>
<status status="PASS" starttime="20230227 14:46:35.863" endtime="20230227 14:46:47.943"/>
</kw>
<status status="PASS" starttime="20230227 14:46:35.862" endtime="20230227 14:46:47.944"/>
</kw>
<kw name="Verify Home Page Loaded" library="LandingPage">
<kw name="Wait Until Page Contains Element" library="SeleniumLibrary">
<arg>${LANDING_NAVIGATION_ELEMENT}</arg>
<doc>Waits until the element ``locator`` appears on the current page.</doc>
<status status="PASS" starttime="20230227 14:46:47.946" endtime="20230227 14:46:47.958"/>
</kw>
<status status="PASS" starttime="20230227 14:46:47.945" endtime="20230227 14:46:47.959"/>
</kw>
<status status="PASS" starttime="20230227 14:46:35.860" endtime="20230227 14:46:47.959"/>
</kw>
<kw name="Close Web Browser" library="CommonWeb" type="TEARDOWN">
<kw name="Close All Browsers" library="SeleniumLibrary">
<doc>Closes all open browsers and resets the browser cache.</doc>
<status status="PASS" starttime="20230227 14:46:47.960" endtime="20230227 14:46:48.201"/>
</kw>
<status status="PASS" starttime="20230227 14:46:47.959" endtime="20230227 14:46:48.202"/>
</kw>
<doc>Loading Home Page</doc>
<tag>1001</tag>
<status status="PASS" starttime="20230227 14:46:34.068" endtime="20230227 14:46:48.202"/>
</test>
<test id="s1-t2" name="Team Page Should Load">
<kw name="Open Web Browser" library="CommonWeb" type="SETUP">
<kw name="Open Browser" library="SeleniumLibrary">
<arg>${BROWSER_NEW_TAB}</arg>
<arg>${BROWSER}</arg>
<doc>Opens a new browser instance to the optional ``url``.</doc>
<msg timestamp="20230227 14:46:48.207" level="INFO">Opening browser 'safari' to base url 'about:blank'.</msg>
<status status="PASS" starttime="20230227 14:46:48.207" endtime="20230227 14:46:49.946"/>
</kw>
<status status="PASS" starttime="20230227 14:46:48.206" endtime="20230227 14:46:49.948"/>
</kw>
<kw name="Verify Home Page Loaded" library="FrontOfficeApp">
<kw name="Navigate To" library="LandingPage">
<kw name="Go To" library="SeleniumLibrary">
<arg>${URL}</arg>
<doc>Navigates the current browser window to the provided ``url``.</doc>
<msg timestamp="20230227 14:46:49.955" level="INFO">Opening url 'http://automationplayground.com/front-office'</msg>
<status status="PASS" starttime="20230227 14:46:49.953" endtime="20230227 14:46:57.771"/>
</kw>
<status status="PASS" starttime="20230227 14:46:49.951" endtime="20230227 14:46:57.772"/>
</kw>
<kw name="Verify Home Page Loaded" library="LandingPage">
<kw name="Wait Until Page Contains Element" library="SeleniumLibrary">
<arg>${LANDING_NAVIGATION_ELEMENT}</arg>
<doc>Waits until the element ``locator`` appears on the current page.</doc>
<status status="PASS" starttime="20230227 14:46:57.774" endtime="20230227 14:46:57.784"/>
</kw>
<status status="PASS" starttime="20230227 14:46:57.773" endtime="20230227 14:46:57.784"/>
</kw>
<status status="PASS" starttime="20230227 14:46:49.949" endtime="20230227 14:46:57.784"/>
</kw>
<kw name="Verify Team Page Loaded" library="FrontOfficeApp">
<kw name="Click &quot;Team&quot; Link" library="TopNav">
<kw name="Click Link" library="SeleniumLibrary">
<arg>${TEAM_LINK}</arg>
<doc>Clicks a link identified by ``locator``.</doc>
<msg timestamp="20230227 14:46:57.786" level="INFO">Clicking link 'Team'.</msg>
<status status="PASS" starttime="20230227 14:46:57.786" endtime="20230227 14:46:57.833"/>
</kw>
<status status="PASS" starttime="20230227 14:46:57.785" endtime="20230227 14:46:57.833"/>
</kw>
<kw name="Verify Team Page Loaded" library="Team">
<kw name="Wait Until Page Contains Element" library="SeleniumLibrary">
<arg>${TEAM_HEADER_ELEMENT}</arg>
<doc>Waits until the element ``locator`` appears on the current page.</doc>
<status status="PASS" starttime="20230227 14:46:57.834" endtime="20230227 14:46:57.843"/>
</kw>
<status status="PASS" starttime="20230227 14:46:57.833" endtime="20230227 14:46:57.843"/>
</kw>
<status status="PASS" starttime="20230227 14:46:57.785" endtime="20230227 14:46:57.843"/>
</kw>
<kw name="Close Web Browser" library="CommonWeb" type="TEARDOWN">
<kw name="Close All Browsers" library="SeleniumLibrary">
<doc>Closes all open browsers and resets the browser cache.</doc>
<status status="PASS" starttime="20230227 14:46:57.844" endtime="20230227 14:46:58.071"/>
</kw>
<status status="PASS" starttime="20230227 14:46:57.844" endtime="20230227 14:46:58.071"/>
</kw>
<doc>Loading Team Page</doc>
<tag>1002</tag>
<status status="PASS" starttime="20230227 14:46:48.204" endtime="20230227 14:46:58.071"/>
</test>
<doc>Open Home Page and Navigate to Team Page</doc>
<status status="PASS" starttime="20230227 14:46:33.774" endtime="20230227 14:46:58.074"/>
</suite>
<statistics>
<total>
<stat pass="2" fail="0" skip="0">All Tests</stat>
</total>
<tag>
<stat pass="1" fail="0" skip="0">1001</stat>
<stat pass="1" fail="0" skip="0">1002</stat>
</tag>
<suite>
<stat pass="2" fail="0" skip="0" id="s1" name="Front Office">Front Office</stat>
</suite>
</statistics>
<errors>
</errors>
</robot>
